<?xml version="1.0" encoding="UTF-8"?>
<testsuite xmlns:xsi="http://www.w3.org/2001/XMLSchema-instance" xsi:noNamespaceSchemaLocation="https://maven.apache.org/surefire/maven-surefire-plugin/xsd/surefire-test-report-3.0.xsd" version="3.0" name="com.calc.AppTest" time="0.101" tests="15" errors="0" skipped="0" failures="0">
  <properties>
[...]
</properties>
  <testcase name="testFactorialLargeNumber" classname="com.calc.AppTest" time="0.039"/>
  <testcase name="testSqrtPositive" classname="com.calc.AppTest" time="0.003"/>
  <testcase name="testFactorialZero" classname="com.calc.AppTest" time="0.002"/>
  <testcase name="testSqrtNegative" classname="com.calc.AppTest" time="0.001"/>
  <testcase name="testPowerNegativeExponent" classname="com.calc.AppTest" time="0.001"/>
  <testcase name="testPowerZeroExponent" classname="com.calc.AppTest" time="0.002"/>
  <testcase name="testPowerZeroBase" classname="com.calc.AppTest" time="0.001"/>
  <testcase name="testPowerPositive" classname="com.calc.AppTest" time="0.001"/>
  <testcase name="testSqrtZero" classname="com.calc.AppTest" time="0.001"/>
  <testcase name="testLogZero" classname="com.calc.AppTest" time="0.002"/>
  <testcase name="testPowerZeroBaseZeroExponent" classname="com.calc.AppTest" time="0.001"/>
  <testcase name="testFactorialPositive" classname="com.calc.AppTest" time="0.001"/>
  <testcase name="testLogPositive" classname="com.calc.AppTest" time="0.001"/>
  <testcase name="testFactorialNegative" classname="com.calc.AppTest" time="0.003"/>
  <testcase name="testLogNegative" classname="com.calc.AppTest" time="0.0"/>
</testsuite>